#
# A fatal error has been detected by the Java Runtime Environment:
#
#  SIGSEGV (0xb) at pc=0x00007f052911fa43, pid=21670, tid=0x00007f0541669700
#
# JRE version: Java(TM) SE Runtime Environment (8.0_181-b13) (build 1.8.0_181-b13)
# Java VM: Java HotSpot(TM) 64-Bit Server VM (25.181-b13 mixed mode linux-amd64 compressed oops)
# Problematic frame:
# J 37 C1 java.lang.AbstractStringBuilder.append(Ljava/lang/String;)Ljava/lang/AbstractStringBuilder; (50 bytes) @ 0x00007f052911fa43 [0x00007f052911f9a0+0xa3]
#
# Failed to write core dump. Core dumps have been disabled. To enable core dumping, try "ulimit -c unlimited" before starting Java again
#
# If you would like to submit a bug report, please visit:
#   http://bugreport.java.com/bugreport/crash.jsp
#

---------------  T H R E A D  ---------------

Current thread (0x00007f053800a800):  JavaThread "main" [_thread_in_Java, id=21671, stack(0x00007f0541569000,0x00007f054166a000)]

siginfo: si_signo: 11 (SIGSEGV), si_code: 2 (SEGV_ACCERR), si_addr: 0x00000000fffffffe

Registers:
RAX=0x0000000000000bae, RBX=0x0000000000000108, RCX=0x00000000d7825dd0, RDX=0x00000000fffffffe
RSP=0x00007f0541668490, RBP=0x00007f0541668620, RSI=0x00000000d7825dd0, RDI=0x00007f053cb193b0
R8 =0x0000000000000000, R9 =0x0000000000000009, R10=0x00007f0540a93c20, R11=0x00007f0529120860
R12=0x0000000000000000, R13=0x00007f05416685d0, R14=0x00007f0541668630, R15=0x00007f053800a800
RIP=0x00007f052911fa43, EFLAGS=0x0000000000010202, CSGSFS=0x002b000000000033, ERR=0x0000000000000004
  TRAPNO=0x000000000000000e

Top of Stack: (sp=0x00007f0541668490)
0x00007f0541668490:   00007f053c9aa610 00007f053800a800
0x00007f05416684a0:   00007f053c9aa610 00007f053800a800
0x00007f05416684b0:   0000000000000002 00007f053c9a9d60
0x00007f05416684c0:   00007f053800a800 00007f0540380e19
0x00007f05416684d0:   00007f053c98e268 00007f053800a800
0x00007f05416684e0:   00007f053c9a9d60 00007f053800a800
0x00007f05416684f0:   00007f053c9a9d60 00007f053800a800
0x00007f0541668500:   00007f053c9a9d60 00007f053800a800
0x00007f0541668510:   00007f053c9a9d60 00007f053800a800
0x00007f0541668520:   00007f053c9aa610 00007f053800a800
0x00007f0541668530:   00007f053c9aa610 00007f053800a800
0x00007f0541668540:   0000000000000000 00000000d7825dd0
0x00007f0541668550:   00007f053c9a9d60 00007f053c9aa610
0x00007f0541668560:   00007f053800a800 00007f0529023f84
0x00007f0541668570:   00007f0541668620 00007f05291208c4
0x00007f0541668580:   00007f0541668580 00000000000000b6
0x00007f0541668590:   0000000000000000 00007f053c9aa583
0x00007f05416685a0:   00000000d7825dd0 00007f053800a800
0x00007f05416685b0:   00007f0541668620 00007f0529008040
0x00007f05416685c0:   00007f0541668620 00007f0529008040
0x00007f05416685d0:   00000000fffffffe 00000000d7825dd0
0x00007f05416685e0:   00007f05416685e0 00007f053c9aa583
0x00007f05416685f0:   00007f0541668630 00007f053cdb7978
0x00007f0541668600:   0000000000000000 00007f053c9aa610
0x00007f0541668610:   00007f05416685d0 00007f0541668630
0x00007f0541668620:   00007f0541668678 00007f0529008040
0x00007f0541668630:   00000000d7825798 00007f0541668638
0x00007f0541668640:   00007f053c91c0da 00007f0541668688
0x00007f0541668650:   00007f053c9c4cc0 00007f053ccdb358
0x00007f0541668660:   00007f053c91c0e8 00007f0541668630
0x00007f0541668670:   00007f0541668688 00007f05416686d8
0x00007f0541668680:   00007f0529008040 00000000d7825798 

Instructions: (pc=0x00007f052911fa43)
0x00007f052911fa23:   0a 00 00 00 48 bb 18 01 00 00 00 00 00 00 48 8b
0x00007f052911fa33:   04 1f 48 8d 40 01 48 89 04 1f 0f 84 b0 04 00 00
0x00007f052911fa43:   48 3b 02 48 8b fa 48 bb b0 93 b1 3c 05 7f 00 00
0x00007f052911fa53:   8b 7f 08 48 c1 e7 03 48 3b bb 40 01 00 00 75 0d 

Register to memory mapping:

RAX=0x0000000000000bae is an unknown value
RBX=0x0000000000000108 is an unknown value
RCX=0x00000000d7825dd0 is an oop
java.lang.StringBuilder 
 - klass: 'java/lang/StringBuilder'
RDX=0x00000000fffffffe is an unallocated location in the heap
RSP=0x00007f0541668490 is pointing into the stack for thread: 0x00007f053800a800
RBP=0x00007f0541668620 is pointing into the stack for thread: 0x00007f053800a800
RSI=0x00000000d7825dd0 is an oop
java.lang.StringBuilder 
 - klass: 'java/lang/StringBuilder'
RDI=0x00007f053cb193b0 is pointing into metadata
R8 =0x0000000000000000 is an unknown value
R9 =0x0000000000000009 is an unknown value
R10=0x00007f0540a93c20: <offset 0xfd6c20> in /usr/lib/jvm/java-8-oracle/jre/lib/amd64/server/libjvm.so at 0x00007f053fabd000
R11=0x00007f0529120860 is at entry_point+32 in (nmethod*)0x00007f05291206d0
R12=0x0000000000000000 is an unknown value
R13=0x00007f05416685d0 is pointing into the stack for thread: 0x00007f053800a800
R14=0x00007f0541668630 is pointing into the stack for thread: 0x00007f053800a800
R15=0x00007f053800a800 is a thread


Stack: [0x00007f0541569000,0x00007f054166a000],  sp=0x00007f0541668490,  free space=1021k
Native frames: (J=compiled Java code, j=interpreted, Vv=VM code, C=native code)
J 37 C1 java.lang.AbstractStringBuilder.append(Ljava/lang/String;)Ljava/lang/AbstractStringBuilder; (50 bytes) @ 0x00007f052911fa43 [0x00007f052911f9a0+0xa3]
J 47 C1 java.lang.StringBuilder.append(Ljava/lang/String;)Ljava/lang/StringBuilder; (8 bytes) @ 0x00007f05291208c4 [0x00007f0529120840+0x84]
j  java.lang.StackTraceElement.toString()Ljava/lang/String;+11
j  java.lang.String.valueOf(Ljava/lang/Object;)Ljava/lang/String;+10
j  java.lang.StringBuilder.append(Ljava/lang/Object;)Ljava/lang/StringBuilder;+2
j  java.lang.Throwable.printStackTrace(Ljava/lang/Throwable$PrintStreamOrWriter;)V+78
j  java.lang.Throwable.printStackTrace(Ljava/io/PrintStream;)V+9
j  java.lang.ThreadGroup.uncaughtException(Ljava/lang/Thread;Ljava/lang/Throwable;)V+82
j  java.lang.ThreadGroup.uncaughtException(Ljava/lang/Thread;Ljava/lang/Throwable;)V+13
j  java.lang.Thread.dispatchUncaughtException(Ljava/lang/Throwable;)V+6
v  ~StubRoutines::call_stub
V  [libjvm.so+0x697a76]  JavaCalls::call_helper(JavaValue*, methodHandle*, JavaCallArguments*, Thread*)+0x1056
V  [libjvm.so+0x697f81]  JavaCalls::call_virtual(JavaValue*, KlassHandle, Symbol*, Symbol*, JavaCallArguments*, Thread*)+0x321
V  [libjvm.so+0x6983d6]  JavaCalls::call_virtual(JavaValue*, Handle, KlassHandle, Symbol*, Symbol*, Handle, Thread*)+0x56
V  [libjvm.so+0xa802ac]  JavaThread::exit(bool, JavaThread::ExitType)+0x3cc
V  [libjvm.so+0x6d58d5]  jni_DetachCurrentThread+0x85
C  [libjli.so+0x8116]  JavaMain+0x836
C  [libpthread.so.0+0x7494]  start_thread+0xc4


---------------  P R O C E S S  ---------------

Java Threads: ( => current thread )
  0x00007f05380d3800 JavaThread "Service Thread" daemon [_thread_blocked, id=21688, stack(0x00007f0503158000,0x00007f0503259000)]
  0x00007f05380c8800 JavaThread "C1 CompilerThread3" daemon [_thread_blocked, id=21687, stack(0x00007f0503259000,0x00007f050335a000)]
  0x00007f05380c6000 JavaThread "C2 CompilerThread2" daemon [_thread_blocked, id=21686, stack(0x00007f050335a000,0x00007f050345b000)]
  0x00007f05380c4800 JavaThread "C2 CompilerThread1" daemon [_thread_blocked, id=21685, stack(0x00007f050345b000,0x00007f050355c000)]
  0x00007f05380c1800 JavaThread "C2 CompilerThread0" daemon [_thread_in_native, id=21684, stack(0x00007f050355c000,0x00007f050365d000)]
  0x00007f05380c0000 JavaThread "Signal Dispatcher" daemon [_thread_blocked, id=21683, stack(0x00007f050365d000,0x00007f050375e000)]
  0x00007f053808d000 JavaThread "Finalizer" daemon [_thread_blocked, id=21682, stack(0x00007f05038f9000,0x00007f05039fa000)]
  0x00007f053808a800 JavaThread "Reference Handler" daemon [_thread_blocked, id=21681, stack(0x00007f05039fa000,0x00007f0503afb000)]
=>0x00007f053800a800 JavaThread "main" [_thread_in_Java, id=21671, stack(0x00007f0541569000,0x00007f054166a000)]

Other Threads:
  0x00007f0538080800 VMThread [stack: 0x00007f0503afb000,0x00007f0503bfc000] [id=21680]
  0x00007f05380d8000 WatcherThread [stack: 0x00007f0503057000,0x00007f0503158000] [id=21689]

VM state:not at safepoint (normal execution)

VM Mutex/Monitor currently owned by a thread: None

Heap:
 PSYoungGen      total 36864K, used 7668K [0x00000000d7100000, 0x00000000d9a00000, 0x0000000100000000)
  eden space 31744K, 24% used [0x00000000d7100000,0x00000000d787d020,0x00000000d9000000)
  from space 5120K, 0% used [0x00000000d9500000,0x00000000d9500000,0x00000000d9a00000)
  to   space 5120K, 0% used [0x00000000d9000000,0x00000000d9000000,0x00000000d9500000)
 ParOldGen       total 84992K, used 0K [0x0000000085200000, 0x000000008a500000, 0x00000000d7100000)
  object space 84992K, 0% used [0x0000000085200000,0x0000000085200000,0x000000008a500000)
 Metaspace       used 5215K, capacity 5430K, committed 5632K, reserved 1056768K
  class space    used 573K, capacity 663K, committed 768K, reserved 1048576K

Card table byte_map: [0x00007f053df84000,0x00007f053e35c000] byte_map_base: 0x00007f053db5b000

Marking Bits: (ParMarkBitMap*) 0x00007f0540a910a0
 Begin Bits: [0x00007f0518290000, 0x00007f051a148000)
 End Bits:   [0x00007f051a148000, 0x00007f051c000000)

Polling page: 0x00007f05416b3000

CodeCache: size=245760Kb used=2005Kb max_used=2017Kb free=243754Kb
 bounds [0x00007f0529000000, 0x00007f0529270000, 0x00007f0538000000]
 total_blobs=700 nmethods=421 adapters=193
 compilation: enabled

Compilation events (10 events):
Event: 0.247 Thread 0x00007f05380c8800  416       3       java.lang.invoke.LambdaForm$NamedFunction::intrinsicName (21 bytes)
Event: 0.247 Thread 0x00007f05380c8800 nmethod 416 0x00007f05291f1f50 code [0x00007f05291f20c0, 0x00007f05291f2328]
Event: 0.247 Thread 0x00007f05380c8800  421       3       jdk.internal.org.objectweb.asm.Type::getDescriptor (87 bytes)
Event: 0.247 Thread 0x00007f05380c1800 nmethod 417 0x00007f05291f5110 code [0x00007f05291f5280, 0x00007f05291f53c8]
Event: 0.247 Thread 0x00007f05380c1800  419       4       jdk.internal.org.objectweb.asm.Item::set (143 bytes)
Event: 0.249 Thread 0x00007f05380c8800 nmethod 421 0x00007f05291f5510 code [0x00007f05291f57e0, 0x00007f05291f7398]
Event: 0.249 Thread 0x00007f05380c8800  418       3       jdk.internal.org.objectweb.asm.ClassWriter::addType (103 bytes)
Event: 0.250 Thread 0x00007f05380c8800 nmethod 418 0x00007f05291f4710 code [0x00007f05291f48c0, 0x00007f05291f4ee8]
Event: 0.253 Thread 0x00007f05380c6000  422       4       java.lang.invoke.MethodTypeForm::canonicalize (233 bytes)
Event: 0.255 Thread 0x00007f05380c6000 nmethod 422 0x00007f05291f2dd0 code [0x00007f05291f2f40, 0x00007f05291f30f8]

GC Heap History (0 events):
No events

Deoptimization events (2 events):
Event: 0.161 Thread 0x00007f053800a800 Uncommon trap: reason=unstable_if action=reinterpret pc=0x00007f0529165304 method=java.lang.String.indexOf(II)I @ 49
Event: 0.212 Thread 0x00007f053800a800 Uncommon trap: reason=unstable_if action=reinterpret pc=0x00007f05291b5294 method=java.util.concurrent.ConcurrentHashMap$TreeNode.findTreeNode(ILjava/lang/Object;Ljava/lang/Class;)Ljava/util/concurrent/ConcurrentHashMap$TreeNode; @ 43

Classes redefined (0 events):
No events

Internal exceptions (5 events):
Event: 0.024 Thread 0x00007f053800a800 Exception <a 'java/lang/NoSuchMethodError': Method sun.misc.Unsafe.defineClass(Ljava/lang/String;[BII)Ljava/lang/Class; name or signature does not match> (0x00000000d7108588) thrown at [/HUDSON/workspace/8-2-build-linux-amd64/jdk8u181/11358/hotspot/src/sh
Event: 0.024 Thread 0x00007f053800a800 Exception <a 'java/lang/NoSuchMethodError': Method sun.misc.Unsafe.prefetchRead(Ljava/lang/Object;J)V name or signature does not match> (0x00000000d7108888) thrown at [/HUDSON/workspace/8-2-build-linux-amd64/jdk8u181/11358/hotspot/src/share/vm/prims/jni.c
Event: 0.213 Thread 0x00007f053800a800 Exception <a 'java/lang/NoSuchFieldError': method resolution failed> (0x00000000d76cf960) thrown at [/HUDSON/workspace/8-2-build-linux-amd64/jdk8u181/11358/hotspot/src/share/vm/prims/methodHandles.cpp, line 1167]
Event: 0.218 Thread 0x00007f053800a800 Exception <a 'java/lang/NoSuchFieldError': method resolution failed> (0x00000000d77094e8) thrown at [/HUDSON/workspace/8-2-build-linux-amd64/jdk8u181/11358/hotspot/src/share/vm/prims/methodHandles.cpp, line 1167]
Event: 0.255 Thread 0x00007f053800a800 Exception <a 'java/lang/ExceptionInInitializerError'> (0x00000000d7824e40) thrown at [/HUDSON/workspace/8-2-build-linux-amd64/jdk8u181/11358/hotspot/src/share/vm/oops/instanceKlass.cpp, line 964]

Events (10 events):
Event: 0.255 loading class java/lang/ExceptionInInitializerError
Event: 0.255 loading class java/lang/ExceptionInInitializerError done
Event: 0.255 loading class java/lang/Throwable$WrappedPrintStream
Event: 0.255 loading class java/lang/Throwable$PrintStreamOrWriter
Event: 0.255 loading class java/lang/Throwable$PrintStreamOrWriter done
Event: 0.255 loading class java/lang/Throwable$WrappedPrintStream done
Event: 0.255 loading class java/util/IdentityHashMap
Event: 0.255 loading class java/util/IdentityHashMap done
Event: 0.255 loading class java/util/IdentityHashMap$KeySet
Event: 0.255 loading class java/util/IdentityHashMap$KeySet done


Dynamic libraries:
00400000-00401000 r-xp 00000000 fe:00 4469952                            /usr/lib/jvm/java-8-oracle/jre/bin/java
00600000-00601000 rw-p 00000000 fe:00 4469952                            /usr/lib/jvm/java-8-oracle/jre/bin/java
00c7c000-00c9d000 rw-p 00000000 00:00 0                                  [heap]
85200000-8a500000 rw-p 00000000 00:00 0 
8a500000-d7100000 ---p 00000000 00:00 0 
d7100000-d9a00000 rw-p 00000000 00:00 0 
d9a00000-100000000 ---p 00000000 00:00 0 
100000000-1000c0000 rw-p 00000000 00:00 0 
1000c0000-140000000 ---p 00000000 00:00 0 
7f04d4000000-7f04d4021000 rw-p 00000000 00:00 0 
7f04d4021000-7f04d8000000 ---p 00000000 00:00 0 
7f04dc000000-7f04dc235000 rw-p 00000000 00:00 0 
7f04dc235000-7f04e0000000 ---p 00000000 00:00 0 
7f04e0000000-7f04e0021000 rw-p 00000000 00:00 0 
7f04e0021000-7f04e4000000 ---p 00000000 00:00 0 
7f04e4000000-7f04e4065000 rw-p 00000000 00:00 0 
7f04e4065000-7f04e8000000 ---p 00000000 00:00 0 
7f04e8000000-7f04e8029000 rw-p 00000000 00:00 0 
7f04e8029000-7f04ec000000 ---p 00000000 00:00 0 
7f04ec000000-7f04ec021000 rw-p 00000000 00:00 0 
7f04ec021000-7f04f0000000 ---p 00000000 00:00 0 
7f04f0000000-7f04f00e0000 rw-p 00000000 00:00 0 
7f04f00e0000-7f04f4000000 ---p 00000000 00:00 0 
7f04f4000000-7f04f4021000 rw-p 00000000 00:00 0 
7f04f4021000-7f04f8000000 ---p 00000000 00:00 0 
7f04f8000000-7f04f8021000 rw-p 00000000 00:00 0 
7f04f8021000-7f04fc000000 ---p 00000000 00:00 0 
7f04fc000000-7f04fc021000 rw-p 00000000 00:00 0 
7f04fc021000-7f0500000000 ---p 00000000 00:00 0 
7f0503057000-7f0503058000 ---p 00000000 00:00 0 
7f0503058000-7f0503158000 rw-p 00000000 00:00 0 
7f0503158000-7f050315b000 ---p 00000000 00:00 0 
7f050315b000-7f0503259000 rw-p 00000000 00:00 0 
7f0503259000-7f050325c000 ---p 00000000 00:00 0 
7f050325c000-7f050335a000 rw-p 00000000 00:00 0 
7f050335a000-7f050335d000 ---p 00000000 00:00 0 
7f050335d000-7f050345b000 rw-p 00000000 00:00 0 
7f050345b000-7f050345e000 ---p 00000000 00:00 0 
7f050345e000-7f050355c000 rw-p 00000000 00:00 0 
7f050355c000-7f050355f000 ---p 00000000 00:00 0 
7f050355f000-7f050365d000 rw-p 00000000 00:00 0 
7f050365d000-7f0503660000 ---p 00000000 00:00 0 
7f0503660000-7f050375e000 rw-p 00000000 00:00 0 
7f050375e000-7f05038f9000 r--p 00000000 fe:00 3539501                    /usr/lib/locale/locale-archive
7f05038f9000-7f05038fc000 ---p 00000000 00:00 0 
7f05038fc000-7f05039fa000 rw-p 00000000 00:00 0 
7f05039fa000-7f05039fd000 ---p 00000000 00:00 0 
7f05039fd000-7f0503afb000 rw-p 00000000 00:00 0 
7f0503afb000-7f0503afc000 ---p 00000000 00:00 0 
7f0503afc000-7f0504000000 rw-p 00000000 00:00 0 
7f0504000000-7f0504021000 rw-p 00000000 00:00 0 
7f0504021000-7f0508000000 ---p 00000000 00:00 0 
7f0508000000-7f0508021000 rw-p 00000000 00:00 0 
7f0508021000-7f050c000000 ---p 00000000 00:00 0 
7f050c000000-7f050c021000 rw-p 00000000 00:00 0 
7f050c021000-7f0510000000 ---p 00000000 00:00 0 
7f0510000000-7f0510021000 rw-p 00000000 00:00 0 
7f0510021000-7f0514000000 ---p 00000000 00:00 0 
7f0514000000-7f0514021000 rw-p 00000000 00:00 0 
7f0514021000-7f0518000000 ---p 00000000 00:00 0 
7f051808e000-7f0518290000 rw-p 00000000 00:00 0 
7f0518290000-7f051c000000 rw-p 00000000 00:00 0 
7f051c000000-7f051c021000 rw-p 00000000 00:00 0 
7f051c021000-7f0520000000 ---p 00000000 00:00 0 
7f0520000000-7f0520021000 rw-p 00000000 00:00 0 
7f0520021000-7f0524000000 ---p 00000000 00:00 0 
7f0524000000-7f0524021000 rw-p 00000000 00:00 0 
7f0524021000-7f0528000000 ---p 00000000 00:00 0 
7f052804c000-7f0529000000 rw-p 00000000 00:00 0 
7f0529000000-7f0529270000 rwxp 00000000 00:00 0 
7f0529270000-7f0538000000 ---p 00000000 00:00 0 
7f0538000000-7f0538b84000 rw-p 00000000 00:00 0 
7f0538b84000-7f053c000000 ---p 00000000 00:00 0 
7f053c00d000-7f053c6c5000 rw-p 00000000 00:00 0 
7f053c6c5000-7f053c89f000 r--s 03d6b000 fe:00 4470058                    /usr/lib/jvm/java-8-oracle/jre/lib/rt.jar
7f053c89f000-7f053c915000 rw-p 00000000 00:00 0 
7f053c915000-7f053cdd5000 rw-p 00000000 00:00 0 
7f053cdd5000-7f053d115000 ---p 00000000 00:00 0 
7f053d115000-7f053d4ec000 rw-p 00000000 00:00 0 
7f053d4ec000-7f053d4ed000 ---p 00000000 00:00 0 
7f053d4ed000-7f053d5ed000 rw-p 00000000 00:00 0 
7f053d5ed000-7f053d5ee000 ---p 00000000 00:00 0 
7f053d5ee000-7f053d6ee000 rw-p 00000000 00:00 0 
7f053d6ee000-7f053d6ef000 ---p 00000000 00:00 0 
7f053d6ef000-7f053d7ef000 rw-p 00000000 00:00 0 
7f053d7ef000-7f053d7f0000 ---p 00000000 00:00 0 
7f053d7f0000-7f053d8f0000 rw-p 00000000 00:00 0 
7f053d8f0000-7f053d8f1000 ---p 00000000 00:00 0 
7f053d8f1000-7f053d9f1000 rw-p 00000000 00:00 0 
7f053d9f1000-7f053d9f2000 ---p 00000000 00:00 0 
7f053d9f2000-7f053daf2000 rw-p 00000000 00:00 0 
7f053daf2000-7f053daf3000 ---p 00000000 00:00 0 
7f053daf3000-7f053dbf3000 rw-p 00000000 00:00 0 
7f053dbf3000-7f053dbf4000 ---p 00000000 00:00 0 
7f053dbf4000-7f053dcf4000 rw-p 00000000 00:00 0 
7f053dcf4000-7f053dd1e000 rw-p 00000000 00:00 0 
7f053dd1e000-7f053df84000 ---p 00000000 00:00 0 
7f053df84000-7f053dfae000 rw-p 00000000 00:00 0 
7f053dfae000-7f053e213000 ---p 00000000 00:00 0 
7f053e213000-7f053e228000 rw-p 00000000 00:00 0 
7f053e228000-7f053e35b000 ---p 00000000 00:00 0 
7f053e35b000-7f053e366000 rw-p 00000000 00:00 0 
7f053e366000-7f053e71c000 ---p 00000000 00:00 0 
7f053e71c000-7f053e737000 r-xp 00000000 fe:00 4470270                    /usr/lib/jvm/java-8-oracle/jre/lib/amd64/libzip.so
7f053e737000-7f053e937000 ---p 0001b000 fe:00 4470270                    /usr/lib/jvm/java-8-oracle/jre/lib/amd64/libzip.so
7f053e937000-7f053e938000 rw-p 0001b000 fe:00 4470270                    /usr/lib/jvm/java-8-oracle/jre/lib/amd64/libzip.so
7f053e938000-7f053e942000 r-xp 00000000 fe:00 58331778                   /lib/x86_64-linux-gnu/libnss_files-2.24.so
7f053e942000-7f053eb42000 ---p 0000a000 fe:00 58331778                   /lib/x86_64-linux-gnu/libnss_files-2.24.so
7f053eb42000-7f053eb43000 r--p 0000a000 fe:00 58331778                   /lib/x86_64-linux-gnu/libnss_files-2.24.so
7f053eb43000-7f053eb44000 rw-p 0000b000 fe:00 58331778                   /lib/x86_64-linux-gnu/libnss_files-2.24.so
7f053eb44000-7f053eb4a000 rw-p 00000000 00:00 0 
7f053eb4a000-7f053eb55000 r-xp 00000000 fe:00 58331780                   /lib/x86_64-linux-gnu/libnss_nis-2.24.so
7f053eb55000-7f053ed54000 ---p 0000b000 fe:00 58331780                   /lib/x86_64-linux-gnu/libnss_nis-2.24.so
7f053ed54000-7f053ed55000 r--p 0000a000 fe:00 58331780                   /lib/x86_64-linux-gnu/libnss_nis-2.24.so
7f053ed55000-7f053ed56000 rw-p 0000b000 fe:00 58331780                   /lib/x86_64-linux-gnu/libnss_nis-2.24.so
7f053ed56000-7f053ed6a000 r-xp 00000000 fe:00 58331775                   /lib/x86_64-linux-gnu/libnsl-2.24.so
7f053ed6a000-7f053ef6a000 ---p 00014000 fe:00 58331775                   /lib/x86_64-linux-gnu/libnsl-2.24.so
7f053ef6a000-7f053ef6b000 r--p 00014000 fe:00 58331775                   /lib/x86_64-linux-gnu/libnsl-2.24.so
7f053ef6b000-7f053ef6c000 rw-p 00015000 fe:00 58331775                   /lib/x86_64-linux-gnu/libnsl-2.24.so
7f053ef6c000-7f053ef6e000 rw-p 00000000 00:00 0 
7f053ef6e000-7f053ef75000 r-xp 00000000 fe:00 58331776                   /lib/x86_64-linux-gnu/libnss_compat-2.24.so
7f053ef75000-7f053f174000 ---p 00007000 fe:00 58331776                   /lib/x86_64-linux-gnu/libnss_compat-2.24.so
7f053f174000-7f053f175000 r--p 00006000 fe:00 58331776                   /lib/x86_64-linux-gnu/libnss_compat-2.24.so
7f053f175000-7f053f176000 rw-p 00007000 fe:00 58331776                   /lib/x86_64-linux-gnu/libnss_compat-2.24.so
7f053f176000-7f053f1a1000 r-xp 00000000 fe:00 4470264                    /usr/lib/jvm/java-8-oracle/jre/lib/amd64/libjava.so
7f053f1a1000-7f053f3a0000 ---p 0002b000 fe:00 4470264                    /usr/lib/jvm/java-8-oracle/jre/lib/amd64/libjava.so
7f053f3a0000-7f053f3a2000 rw-p 0002a000 fe:00 4470264                    /usr/lib/jvm/java-8-oracle/jre/lib/amd64/libjava.so
7f053f3a2000-7f053f3af000 r-xp 00000000 fe:00 4470269                    /usr/lib/jvm/java-8-oracle/jre/lib/amd64/libverify.so
7f053f3af000-7f053f5af000 ---p 0000d000 fe:00 4470269                    /usr/lib/jvm/java-8-oracle/jre/lib/amd64/libverify.so
7f053f5af000-7f053f5b1000 rw-p 0000d000 fe:00 4470269                    /usr/lib/jvm/java-8-oracle/jre/lib/amd64/libverify.so
7f053f5b1000-7f053f5b8000 r-xp 00000000 fe:00 58331785                   /lib/x86_64-linux-gnu/librt-2.24.so
7f053f5b8000-7f053f7b7000 ---p 00007000 fe:00 58331785                   /lib/x86_64-linux-gnu/librt-2.24.so
7f053f7b7000-7f053f7b8000 r--p 00006000 fe:00 58331785                   /lib/x86_64-linux-gnu/librt-2.24.so
7f053f7b8000-7f053f7b9000 rw-p 00007000 fe:00 58331785                   /lib/x86_64-linux-gnu/librt-2.24.so
7f053f7b9000-7f053f8bc000 r-xp 00000000 fe:00 58331772                   /lib/x86_64-linux-gnu/libm-2.24.so
7f053f8bc000-7f053fabb000 ---p 00103000 fe:00 58331772                   /lib/x86_64-linux-gnu/libm-2.24.so
7f053fabb000-7f053fabc000 r--p 00102000 fe:00 58331772                   /lib/x86_64-linux-gnu/libm-2.24.so
7f053fabc000-7f053fabd000 rw-p 00103000 fe:00 58331772                   /lib/x86_64-linux-gnu/libm-2.24.so
7f053fabd000-7f0540799000 r-xp 00000000 fe:00 4470246                    /usr/lib/jvm/java-8-oracle/jre/lib/amd64/server/libjvm.so
7f0540799000-7f0540999000 ---p 00cdc000 fe:00 4470246                    /usr/lib/jvm/java-8-oracle/jre/lib/amd64/server/libjvm.so
7f0540999000-7f0540a73000 rw-p 00cdc000 fe:00 4470246                    /usr/lib/jvm/java-8-oracle/jre/lib/amd64/server/libjvm.so
7f0540a73000-7f0540abe000 rw-p 00000000 00:00 0 
7f0540abe000-7f0540c53000 r-xp 00000000 fe:00 58331768                   /lib/x86_64-linux-gnu/libc-2.24.so
7f0540c53000-7f0540e53000 ---p 00195000 fe:00 58331768                   /lib/x86_64-linux-gnu/libc-2.24.so
7f0540e53000-7f0540e57000 r--p 00195000 fe:00 58331768                   /lib/x86_64-linux-gnu/libc-2.24.so
7f0540e57000-7f0540e59000 rw-p 00199000 fe:00 58331768                   /lib/x86_64-linux-gnu/libc-2.24.so
7f0540e59000-7f0540e5d000 rw-p 00000000 00:00 0 
7f0540e5d000-7f0540e60000 r-xp 00000000 fe:00 58331771                   /lib/x86_64-linux-gnu/libdl-2.24.so
7f0540e60000-7f054105f000 ---p 00003000 fe:00 58331771                   /lib/x86_64-linux-gnu/libdl-2.24.so
7f054105f000-7f0541060000 r--p 00002000 fe:00 58331771                   /lib/x86_64-linux-gnu/libdl-2.24.so
7f0541060000-7f0541061000 rw-p 00003000 fe:00 58331771                   /lib/x86_64-linux-gnu/libdl-2.24.so
7f0541061000-7f0541077000 r-xp 00000000 fe:00 4470241                    /usr/lib/jvm/java-8-oracle/jre/lib/amd64/jli/libjli.so
7f0541077000-7f0541276000 ---p 00016000 fe:00 4470241                    /usr/lib/jvm/java-8-oracle/jre/lib/amd64/jli/libjli.so
7f0541276000-7f0541277000 rw-p 00015000 fe:00 4470241                    /usr/lib/jvm/java-8-oracle/jre/lib/amd64/jli/libjli.so
7f0541277000-7f054128f000 r-xp 00000000 fe:00 58331783                   /lib/x86_64-linux-gnu/libpthread-2.24.so
7f054128f000-7f054148e000 ---p 00018000 fe:00 58331783                   /lib/x86_64-linux-gnu/libpthread-2.24.so
7f054148e000-7f054148f000 r--p 00017000 fe:00 58331783                   /lib/x86_64-linux-gnu/libpthread-2.24.so
7f054148f000-7f0541490000 rw-p 00018000 fe:00 58331783                   /lib/x86_64-linux-gnu/libpthread-2.24.so
7f0541490000-7f0541494000 rw-p 00000000 00:00 0 
7f0541494000-7f05414b7000 r-xp 00000000 fe:00 58327050                   /lib/x86_64-linux-gnu/ld-2.24.so
7f05414c5000-7f0541569000 rw-p 00000000 00:00 0 
7f0541569000-7f054156c000 ---p 00000000 00:00 0 
7f054156c000-7f054166c000 rw-p 00000000 00:00 0 
7f054166c000-7f0541683000 r--s 007e4000 fe:00 27396788                   /home/erhannis/NetBeansProjects/DiskCache/target/DiskCache-0.1.0-SNAPSHOT.jar
7f0541683000-7f05416aa000 rw-p 00000000 00:00 0 
7f05416aa000-7f05416b2000 rw-s 00000000 fe:00 68436181                   /tmp/hsperfdata_erhannis/21670
7f05416b2000-7f05416b3000 rw-p 00000000 00:00 0 
7f05416b3000-7f05416b4000 r--p 00000000 00:00 0 
7f05416b4000-7f05416b7000 rw-p 00000000 00:00 0 
7f05416b7000-7f05416b8000 r--p 00023000 fe:00 58327050                   /lib/x86_64-linux-gnu/ld-2.24.so
7f05416b8000-7f05416b9000 rw-p 00024000 fe:00 58327050                   /lib/x86_64-linux-gnu/ld-2.24.so
7f05416b9000-7f05416ba000 rw-p 00000000 00:00 0 
7fff3c20f000-7fff3c231000 rw-p 00000000 00:00 0                          [stack]
7fff3c3e3000-7fff3c3e5000 r--p 00000000 00:00 0                          [vvar]
7fff3c3e5000-7fff3c3e7000 r-xp 00000000 00:00 0                          [vdso]
ffffffffff600000-ffffffffff601000 r-xp 00000000 00:00 0                  [vsyscall]

VM Arguments:
jvm_args: -Xbootclasspath/p:rt 
java_command: com.erhannis.diskcache.Test
java_class_path (initial): target/DiskCache-0.1.0-SNAPSHOT.jar
Launcher Type: SUN_STANDARD

Environment Variables:
PATH=/home/erhannis/.sdkman/candidates/gradle/current/bin:/home/erhannis/torch/install/bin:/home/erhannis/Android/Sdk/tools:/home/erhannis/Android/Sdk/ndk-bundle:/usr/local/mercury-14.01.1/bin:/home/erhannis/bin:/sbin:/usr/local/lib:/usr/local/lib/x86_64-linux-gnu:/usr/lib/x86_64-linux-gnu/:/usr/brlcad/dev-7.24.2/bin:/usr/local/share/scala/bin:/home/erhannis/Downloads/sbt/bin:/home/erhannis/torch/install/bin:/sbin:/usr/games:/usr/local/sbin:/usr/sbin:/home/erhannis/bin:/usr/local/bin:/usr/bin:/bin:/usr/local/games:/usr/games:/home/erhannis/projects/depot_tools
USERNAME=erhannis
LD_LIBRARY_PATH=/home/erhannis/torch/install/lib:/usr/local/lib:/usr/local/lib/x86_64-linux-gnu:/usr/lib/x86_64-linux-gnu:
SHELL=/bin/bash
DISPLAY=:0
DYLD_LIBRARY_PATH=/home/erhannis/torch/install/lib:/home/erhannis/torch/install/lib:

Signal Handlers:
SIGSEGV: [libjvm.so+0xad2a40], sa_mask[0]=11111111011111111101111111111110, sa_flags=SA_RESTART|SA_SIGINFO
SIGBUS: [libjvm.so+0xad2a40], sa_mask[0]=11111111011111111101111111111110, sa_flags=SA_RESTART|SA_SIGINFO
SIGFPE: [libjvm.so+0x92a610], sa_mask[0]=11111111011111111101111111111110, sa_flags=SA_RESTART|SA_SIGINFO
SIGPIPE: [libjvm.so+0x92a610], sa_mask[0]=11111111011111111101111111111110, sa_flags=SA_RESTART|SA_SIGINFO
SIGXFSZ: [libjvm.so+0x92a610], sa_mask[0]=11111111011111111101111111111110, sa_flags=SA_RESTART|SA_SIGINFO
SIGILL: [libjvm.so+0x92a610], sa_mask[0]=11111111011111111101111111111110, sa_flags=SA_RESTART|SA_SIGINFO
SIGUSR1: SIG_DFL, sa_mask[0]=00000000000000000000000000000000, sa_flags=none
SIGUSR2: [libjvm.so+0x92be70], sa_mask[0]=00000000000000000000000000000000, sa_flags=SA_RESTART|SA_SIGINFO
SIGHUP: [libjvm.so+0x92d270], sa_mask[0]=11111111011111111101111111111110, sa_flags=SA_RESTART|SA_SIGINFO
SIGINT: [libjvm.so+0x92d270], sa_mask[0]=11111111011111111101111111111110, sa_flags=SA_RESTART|SA_SIGINFO
SIGTERM: [libjvm.so+0x92d270], sa_mask[0]=11111111011111111101111111111110, sa_flags=SA_RESTART|SA_SIGINFO
SIGQUIT: [libjvm.so+0x92d270], sa_mask[0]=11111111011111111101111111111110, sa_flags=SA_RESTART|SA_SIGINFO


---------------  S Y S T E M  ---------------

OS:PRETTY_NAME="Debian GNU/Linux 9 (stretch)"
NAME="Debian GNU/Linux"
VERSION_ID="9"
VERSION="9 (stretch)"
ID=debian
HOME_URL="https://www.debian.org/"
SUPPORT_URL="https://www.debian.org/support"
BUG_REPORT_URL="https://bugs.debian.org/"

uname:Linux 4.9.0-5-amd64 #1 SMP Debian 4.9.65-3+deb9u2 (2018-01-04) x86_64
libc:glibc 2.24 NPTL 2.24 
rlimit: STACK 8192k, CORE 0k, NPROC 31326, NOFILE 4096, AS infinity
load average:1.06 1.29 1.34

/proc/meminfo:
MemTotal:        8047636 kB
MemFree:          361700 kB
MemAvailable:    2966440 kB
Buffers:         1593816 kB
Cached:          1592644 kB
SwapCached:        57384 kB
Active:          5195672 kB
Inactive:        2068880 kB
Active(anon):    3702868 kB
Inactive(anon):   802868 kB
Active(file):    1492804 kB
Inactive(file):  1266012 kB
Unevictable:          64 kB
Mlocked:              64 kB
SwapTotal:      16515068 kB
SwapFree:       15615272 kB
Dirty:             12532 kB
Writeback:             0 kB
AnonPages:       4063756 kB
Mapped:           631520 kB
Shmem:            427632 kB
Slab:             226360 kB
SReclaimable:     134752 kB
SUnreclaim:        91608 kB
KernelStack:       16544 kB
PageTables:        64308 kB
NFS_Unstable:          0 kB
Bounce:                0 kB
WritebackTmp:          0 kB
CommitLimit:    20538884 kB
Committed_AS:   12302024 kB
VmallocTotal:   34359738367 kB
VmallocUsed:           0 kB
VmallocChunk:          0 kB
HardwareCorrupted:     0 kB
AnonHugePages:         0 kB
ShmemHugePages:        0 kB
ShmemPmdMapped:        0 kB
HugePages_Total:       0
HugePages_Free:        0
HugePages_Rsvd:        0
HugePages_Surp:        0
Hugepagesize:       2048 kB
DirectMap4k:     6131508 kB
DirectMap2M:     2125824 kB


CPU:total 8 (initial active 8) (4 cores per cpu, 2 threads per core) family 6 model 58 stepping 9, cmov, cx8, fxsr, mmx, sse, sse2, sse3, ssse3, sse4.1, sse4.2, popcnt, avx, aes, clmul, erms, ht, tsc, tscinvbit, tscinv

/proc/cpuinfo:
processor	: 0
vendor_id	: GenuineIntel
cpu family	: 6
model		: 58
model name	: Intel(R) Core(TM) i7-3612QM CPU @ 2.10GHz
stepping	: 9
microcode	: 0x12
cpu MHz		: 2799.957
cache size	: 6144 KB
physical id	: 0
siblings	: 8
core id		: 0
cpu cores	: 4
apicid		: 0
initial apicid	: 0
fpu		: yes
fpu_exception	: yes
cpuid level	: 13
wp		: yes
flags		: fpu vme de pse tsc msr pae mce cx8 apic sep mtrr pge mca cmov pat pse36 clflush dts acpi mmx fxsr sse sse2 ss ht tm pbe syscall nx rdtscp lm constant_tsc arch_perfmon pebs bts rep_good nopl xtopology nonstop_tsc aperfmperf eagerfpu pni pclmulqdq dtes64 monitor ds_cpl vmx est tm2 ssse3 cx16 xtpr pdcm pcid sse4_1 sse4_2 x2apic popcnt tsc_deadline_timer aes xsave avx f16c rdrand lahf_lm epb kaiser tpr_shadow vnmi flexpriority ept vpid fsgsbase smep erms xsaveopt dtherm ida arat pln pts
bugs		:
bogomips	: 4190.55
clflush size	: 64
cache_alignment	: 64
address sizes	: 36 bits physical, 48 bits virtual
power management:

processor	: 1
vendor_id	: GenuineIntel
cpu family	: 6
model		: 58
model name	: Intel(R) Core(TM) i7-3612QM CPU @ 2.10GHz
stepping	: 9
microcode	: 0x12
cpu MHz		: 2799.957
cache size	: 6144 KB
physical id	: 0
siblings	: 8
core id		: 0
cpu cores	: 4
apicid		: 1
initial apicid	: 1
fpu		: yes
fpu_exception	: yes
cpuid level	: 13
wp		: yes
flags		: fpu vme de pse tsc msr pae mce cx8 apic sep mtrr pge mca cmov pat pse36 clflush dts acpi mmx fxsr sse sse2 ss ht tm pbe syscall nx rdtscp lm constant_tsc arch_perfmon pebs bts rep_good nopl xtopology nonstop_tsc aperfmperf eagerfpu pni pclmulqdq dtes64 monitor ds_cpl vmx est tm2 ssse3 cx16 xtpr pdcm pcid sse4_1 sse4_2 x2apic popcnt tsc_deadline_timer aes xsave avx f16c rdrand lahf_lm epb kaiser tpr_shadow vnmi flexpriority ept vpid fsgsbase smep erms xsaveopt dtherm ida arat pln pts
bugs		:
bogomips	: 4190.55
clflush size	: 64
cache_alignment	: 64
address sizes	: 36 bits physical, 48 bits virtual
power management:

processor	: 2
vendor_id	: GenuineIntel
cpu family	: 6
model		: 58
model name	: Intel(R) Core(TM) i7-3612QM CPU @ 2.10GHz
stepping	: 9
microcode	: 0x12
cpu MHz		: 2802.777
cache size	: 6144 KB
physical id	: 0
siblings	: 8
core id		: 1
cpu cores	: 4
apicid		: 2
initial apicid	: 2
fpu		: yes
fpu_exception	: yes
cpuid level	: 13
wp		: yes
flags		: fpu vme de pse tsc msr pae mce cx8 apic sep mtrr pge mca cmov pat pse36 clflush dts acpi mmx fxsr sse sse2 ss ht tm pbe syscall nx rdtscp lm constant_tsc arch_perfmon pebs bts rep_good nopl xtopology nonstop_tsc aperfmperf eagerfpu pni pclmulqdq dtes64 monitor ds_cpl vmx est tm2 ssse3 cx16 xtpr pdcm pcid sse4_1 sse4_2 x2apic popcnt tsc_deadline_timer aes xsave avx f16c rdrand lahf_lm epb kaiser tpr_shadow vnmi flexpriority ept vpid fsgsbase smep erms xsaveopt dtherm ida arat pln pts
bugs		:
bogomips	: 4190.55
clflush size	: 64
cache_alignment	: 64
address sizes	: 36 bits physical, 48 bits virtual
power management:

processor	: 3
vendor_id	: GenuineIntel
cpu family	: 6
model		: 58
model name	: Intel(R) Core(TM) i7-3612QM CPU @ 2.10GHz
stepping	: 9
microcode	: 0x12
cpu MHz		: 2803.289
cache size	: 6144 KB
physical id	: 0
siblings	: 8
core id		: 1
cpu cores	: 4
apicid		: 3
initial apicid	: 3
fpu		: yes
fpu_exception	: yes
cpuid level	: 13
wp		: yes
flags		: fpu vme de pse tsc msr pae mce cx8 apic sep mtrr pge mca cmov pat pse36 clflush dts acpi mmx fxsr sse sse2 ss ht tm pbe syscall nx rdtscp lm constant_tsc arch_perfmon pebs bts rep_good nopl xtopology nonstop_tsc aperfmperf eagerfpu pni pclmulqdq dtes64 monitor ds_cpl vmx est tm2 ssse3 cx16 xtpr pdcm pcid sse4_1 sse4_2 x2apic popcnt tsc_deadline_timer aes xsave avx f16c rdrand lahf_lm epb kaiser tpr_shadow vnmi flexpriority ept vpid fsgsbase smep erms xsaveopt dtherm ida arat pln pts
bugs		:
bogomips	: 4190.55
clflush size	: 64
cache_alignment	: 64
address sizes	: 36 bits physical, 48 bits virtual
power management:

processor	: 4
vendor_id	: GenuineIntel
cpu family	: 6
model		: 58
model name	: Intel(R) Core(TM) i7-3612QM CPU @ 2.10GHz
stepping	: 9
microcode	: 0x12
cpu MHz		: 2803.289
cache size	: 6144 KB
physical id	: 0
siblings	: 8
core id		: 2
cpu cores	: 4
apicid		: 4
initial apicid	: 4
fpu		: yes
fpu_exception	: yes
cpuid level	: 13
wp		: yes
flags		: fpu vme de pse tsc msr pae mce cx8 apic sep mtrr pge mca cmov pat pse36 clflush dts acpi mmx fxsr sse sse2 ss ht tm pbe syscall nx rdtscp lm constant_tsc arch_perfmon pebs bts rep_good nopl xtopology nonstop_tsc aperfmperf eagerfpu pni pclmulqdq dtes64 monitor ds_cpl vmx est tm2 ssse3 cx16 xtpr pdcm pcid sse4_1 sse4_2 x2apic popcnt tsc_deadline_timer aes xsave avx f16c rdrand lahf_lm epb kaiser tpr_shadow vnmi flexpriority ept vpid fsgsbase smep erms xsaveopt dtherm ida arat pln pts
bugs		:
bogomips	: 4190.55
clflush size	: 64
cache_alignment	: 64
address sizes	: 36 bits physical, 48 bits virtual
power management:

processor	: 5
vendor_id	: GenuineIntel
cpu family	: 6
model		: 58
model name	: Intel(R) Core(TM) i7-3612QM CPU @ 2.10GHz
stepping	: 9
microcode	: 0x12
cpu MHz		: 2799.957
cache size	: 6144 KB
physical id	: 0
siblings	: 8
core id		: 2
cpu cores	: 4
apicid		: 5
initial apicid	: 5
fpu		: yes
fpu_exception	: yes
cpuid level	: 13
wp		: yes
flags		: fpu vme de pse tsc msr pae mce cx8 apic sep mtrr pge mca cmov pat pse36 clflush dts acpi mmx fxsr sse sse2 ss ht tm pbe syscall nx rdtscp lm constant_tsc arch_perfmon pebs bts rep_good nopl xtopology nonstop_tsc aperfmperf eagerfpu pni pclmulqdq dtes64 monitor ds_cpl vmx est tm2 ssse3 cx16 xtpr pdcm pcid sse4_1 sse4_2 x2apic popcnt tsc_deadline_timer aes xsave avx f16c rdrand lahf_lm epb kaiser tpr_shadow vnmi flexpriority ept vpid fsgsbase smep erms xsaveopt dtherm ida arat pln pts
bugs		:
bogomips	: 4190.55
clflush size	: 64
cache_alignment	: 64
address sizes	: 36 bits physical, 48 bits virtual
power management:

processor	: 6
vendor_id	: GenuineIntel
cpu family	: 6
model		: 58
model name	: Intel(R) Core(TM) i7-3612QM CPU @ 2.10GHz
stepping	: 9
microcode	: 0x12
cpu MHz		: 2799.829
cache size	: 6144 KB
physical id	: 0
siblings	: 8
core id		: 3
cpu cores	: 4
apicid		: 6
initial apicid	: 6
fpu		: yes
fpu_exception	: yes
cpuid level	: 13
wp		: yes
flags		: fpu vme de pse tsc msr pae mce cx8 apic sep mtrr pge mca cmov pat pse36 clflush dts acpi mmx fxsr sse sse2 ss ht tm pbe syscall nx rdtscp lm constant_tsc arch_perfmon pebs bts rep_good nopl xtopology nonstop_tsc aperfmperf eagerfpu pni pclmulqdq dtes64 monitor ds_cpl vmx est tm2 ssse3 cx16 xtpr pdcm pcid sse4_1 sse4_2 x2apic popcnt tsc_deadline_timer aes xsave avx f16c rdrand lahf_lm epb kaiser tpr_shadow vnmi flexpriority ept vpid fsgsbase smep erms xsaveopt dtherm ida arat pln pts
bugs		:
bogomips	: 4190.55
clflush size	: 64
cache_alignment	: 64
address sizes	: 36 bits physical, 48 bits virtual
power management:

processor	: 7
vendor_id	: GenuineIntel
cpu family	: 6
model		: 58
model name	: Intel(R) Core(TM) i7-3612QM CPU @ 2.10GHz
stepping	: 9
microcode	: 0x12
cpu MHz		: 2799.957
cache size	: 6144 KB
physical id	: 0
siblings	: 8
core id		: 3
cpu cores	: 4
apicid		: 7
initial apicid	: 7
fpu		: yes
fpu_exception	: yes
cpuid level	: 13
wp		: yes
flags		: fpu vme de pse tsc msr pae mce cx8 apic sep mtrr pge mca cmov pat pse36 clflush dts acpi mmx fxsr sse sse2 ss ht tm pbe syscall nx rdtscp lm constant_tsc arch_perfmon pebs bts rep_good nopl xtopology nonstop_tsc aperfmperf eagerfpu pni pclmulqdq dtes64 monitor ds_cpl vmx est tm2 ssse3 cx16 xtpr pdcm pcid sse4_1 sse4_2 x2apic popcnt tsc_deadline_timer aes xsave avx f16c rdrand lahf_lm epb kaiser tpr_shadow vnmi flexpriority ept vpid fsgsbase smep erms xsaveopt dtherm ida arat pln pts
bugs		:
bogomips	: 4190.55
clflush size	: 64
cache_alignment	: 64
address sizes	: 36 bits physical, 48 bits virtual
power management:



Memory: 4k page, physical 8047636k(361700k free), swap 16515068k(15615272k free)

vm_info: Java HotSpot(TM) 64-Bit Server VM (25.181-b13) for linux-amd64 JRE (1.8.0_181-b13), built on Jul  7 2018 00:56:38 by "java_re" with gcc 4.3.0 20080428 (Red Hat 4.3.0-8)

time: Wed Oct 31 02:23:52 2018
elapsed time: 0 seconds (0d 0h 0m 0s)

